This is pdfTeX, Version 3.141592653-2.6-1.40.28 (MiKTeX 25.12) (preloaded format=pdflatex 2026.4.28)  28 APR 2026 21:27
entering extended mode
 restricted \write18 enabled.
 %&-line parsing enabled.
**"./proyecto prototipico cebollas.tex"
(proyecto prototipico cebollas.tex
LaTeX2e <2025-11-01>
L3 programming layer <2025-12-24>
(C:\Users\jacks\AppData\Local\Programs\MiKTeX\tex/latex/base\article.cls
Document Class: article 2025/01/22 v1.4n Standard LaTeX document class
(C:\Users\jacks\AppData\Local\Programs\MiKTeX\tex/latex/base\size12.clo
File: size12.clo 2025/01/22 v1.4n Standard LaTeX file (size option)
)
\c@part=\count275
\c@section=\count276
\c@subsection=\count277
\c@subsubsection=\count278
\c@paragraph=\count279
\c@subparagraph=\count280
\c@figure=\count281
\c@table=\count282
\abovecaptionskip=\skip49
\belowcaptionskip=\skip50
\bibindent=\dimen148
)
(C:\Users\jacks\AppData\Local\Programs\MiKTeX\tex/latex/base\inputenc.sty
Package: inputenc 2024/02/08 v1.3d Input encoding file
\inpenc@prehook=\toks17
\inpenc@posthook=\toks18
)
(C:\Users\jacks\AppData\Local\Programs\MiKTeX\tex/generic/babel\babel.sty
Package: babel 2025/12/11 v25.17 The multilingual framework for LuaLaTeX, pdfLa
TeX and XeLaTeX
\babel@savecnt=\count283
LaTeX Encoding Info:    Redeclaring text command \ij (encoding OT1) on input li
ne 2068.
LaTeX Encoding Info:    Redeclaring text command \IJ (encoding OT1) on input li
ne 2070.
LaTeX Encoding Info:    Redeclaring text command \ij (encoding T1) on input lin
e 2072.
LaTeX Encoding Info:    Redeclaring text command \IJ (encoding T1) on input lin
e 2073.
LaTeX Encoding Info:    Ignoring declaration for text command \ij (encoding ?) 
on input line 2074.
LaTeX Encoding Info:    Ignoring declaration for text command \IJ (encoding ?) 
on input line 2076.
LaTeX Encoding Info:    Ignoring declaration for text command \SS (encoding ?) 
on input line 2101.
\U@D=\dimen149
\l@unhyphenated=\language79

(C:\Users\jacks\AppData\Local\Programs\MiKTeX\tex/generic/babel\txtbabel.def)
\bbl@readstream=\read2
\bbl@dirlevel=\count284
Package babel Info: Configuration files are deprecated, as
(babel)             they can break document portability.
(babel)             Reported on input line 4196.

*************************************
* Local config file bblopts.cfg used
*
(C:\Users\jacks\AppData\Local\Programs\MiKTeX\tex/latex/arabi\bblopts.cfg
File: bblopts.cfg 2005/09/08 v0.1 add Arabic and Farsi to "declared" options of
 babel
)
(C:\Users\jacks\AppData\Local\Programs\MiKTeX\tex/generic/babel/locale/es\babel
-spanish.tex)
Package babel Info: Importing font and identification data for spanish
(babel)             from babel-es.ini. Reported on input line 4320.

(C:\Users\jacks\AppData\Local\Programs\MiKTeX\tex/latex/babel-spanish\spanish.l
df
Language: spanish.ldf 2021/05/27 v5.0q Spanish support from the babel system
\es@quottoks=\toks19
\es@quotdepth=\count285
Package babel Info: Making " an active character on input line 570.
Package babel Info: Making . an active character on input line 675.
Package babel Info: Making < an active character on input line 722.
Package babel Info: Making > an active character on input line 722.
))
LaTeX Encoding Info:    Redeclaring text command \guillemotleft (encoding OT1) 
on input line 4.
LaTeX Encoding Info:    Redeclaring text command \guillemotright (encoding OT1)
 on input line 4.

(C:\Users\jacks\AppData\Local\Programs\MiKTeX\tex/latex/setspace\setspace.sty
Package: setspace 2022/12/04 v6.7b set line spacing
)
(C:\Users\jacks\AppData\Local\Programs\MiKTeX\tex/latex/l3backend\l3backend-pdf
tex.def
File: l3backend-pdftex.def 2025-10-09 L3 backend support: PDF output (pdfTeX)
\l__color_backend_stack_int=\count286
) (proyecto prototipico cebollas.aux
LaTeX Info: Redefining \. on input line 8.
LaTeX Info: Redefining \% on input line 8.
Package babel Info: 'spanish' activates 'spanish' shorthands.
(babel)             Reported on input line 8.
)
\openout1 = `"proyecto prototipico cebollas.aux"'.

LaTeX Font Info:    Checking defaults for OML/cmm/m/it on input line 14.
LaTeX Font Info:    ... okay on input line 14.
LaTeX Font Info:    Checking defaults for OMS/cmsy/m/n on input line 14.
LaTeX Font Info:    ... okay on input line 14.
LaTeX Font Info:    Checking defaults for OT1/cmr/m/n on input line 14.
LaTeX Font Info:    ... okay on input line 14.
LaTeX Font Info:    Checking defaults for T1/cmr/m/n on input line 14.
LaTeX Font Info:    ... okay on input line 14.
LaTeX Font Info:    Checking defaults for TS1/cmr/m/n on input line 14.
LaTeX Font Info:    ... okay on input line 14.
LaTeX Font Info:    Checking defaults for OMX/cmex/m/n on input line 14.
LaTeX Font Info:    ... okay on input line 14.
LaTeX Font Info:    Checking defaults for U/cmr/m/n on input line 14.
LaTeX Font Info:    ... okay on input line 14.
LaTeX Info: Redefining \. on input line 14.
LaTeX Info: Redefining \% on input line 14.
LaTeX Font Info:    External font `cmex10' loaded for size
(Font)              <14.4> on input line 16.
LaTeX Font Info:    External font `cmex10' loaded for size
(Font)              <7> on input line 16.
 [1

{C:/Users/jacks/AppData/Local/MiKTeX/fonts/map/pdftex/pdftex.map}] [2] [3] [4] 
[5]

! LaTeX Error: Can be used only in preamble.

See the LaTeX manual or LaTeX Companion for explanation.
Type  H <return>  for immediate help.
 ...                                              
                                                  
l.69 	\usepackage
                 {gensymb}
Your command was ignored.
Type  I <command> <return>  to replace it with another command,
or  <return>  to continue without it.


! LaTeX Error: Something's wrong--perhaps a missing \item.

See the LaTeX manual or LaTeX Companion for explanation.
Type  H <return>  for immediate help.
 ...                                              
                                                  
l.70 	\item \textbf
                   {2019}: Año de transición con un aumento moderado en la...

Try typing  <return>  to proceed.
If that doesn't work, type  X <return>  to quit.

[6]
! Undefined control sequence.
<argument> ...me system@active~\endcsname \degree 
                                                  
l.76 ...on temperaturas tan bajas como -23~\degree
                                                   C en Majalca, seguido de ...
The control sequence at the end of the top line
of your error message was never \def'ed. If you have
misspelled it (e.g., `\hobx'), type `I' and the correct
spelling (e.g., `I\hbox'). Otherwise just continue,
and I'll forget about whatever was undefined.

[7] [8]
Overfull \hbox (0.33011pt too wide) in paragraph at lines 107--108
\OT1/cmr/m/n/14.4 ba-jo con-su-mo y m^^Seto-dos pa-ra el aho-rro de agua du-ran
-te per^^S^^Podos
 []

[9] [10] [11] [12] [13] [14] [15] [16] [17] [18] [19] [20] [21] [22] [23]
[24]
! Undefined control sequence.
l.252 		\url
            {https://www.youtube.com/@TISBITA/playlists}
The control sequence at the end of the top line
of your error message was never \def'ed. If you have
misspelled it (e.g., `\hobx'), type `I' and the correct
spelling (e.g., `I\hbox'). Otherwise just continue,
and I'll forget about whatever was undefined.


Overfull \hbox (146.59843pt too wide) in paragraph at lines 251--253
\OT1/cmr/m/n/14.4 na-das con pre-cios y otros as-pec-tos. https://www.youtube.c
om/@TISBITA/playlists 
 []


Overfull \hbox (6.85704pt too wide) in paragraph at lines 262--263
[]\OT1/cmr/m/n/14.4 Comisi^^Son Na-cio-nal del Agua (CO-NA-GUA). Res^^Sume-nes 
men-
 []


Overfull \hbox (9.54854pt too wide) in paragraph at lines 266--267
[]\OT1/cmr/m/n/14.4 Instituto Na-cio-nal de Eco-log^^S^^Pa y Cam-bio Clim^^Sati
-co (INECC).
 []


Overfull \hbox (8.94444pt too wide) in paragraph at lines 266--267
\OT1/cmr/m/it/14.4 Cam-bio clim^^Sati-co en M^^Sexi-co y la vul-ne-ra-bi-li-dad
 de Chihuahua
 []

! Undefined control sequence.
l.273 		\url
            {https://www.meteored.mx/chihuahua/por-hora?hl=es-MX}
The control sequence at the end of the top line
of your error message was never \def'ed. If you have
misspelled it (e.g., `\hobx'), type `I' and the correct
spelling (e.g., `I\hbox'). Otherwise just continue,
and I'll forget about whatever was undefined.


Overfull \hbox (154.87491pt too wide) in paragraph at lines 272--274
[]\OT1/cmr/m/n/14.4 Meteored. Cli-ma por ho-ra en Chihuahua. https://www.meteor
ed.mx/chihuahua/por-
 []

[25]
! Undefined control sequence.
l.276 		\url
            {https://pausa.mx/opera-sdr-30-estaciones-meteorologicas-en-zona...
The control sequence at the end of the top line
of your error message was never \def'ed. If you have
misspelled it (e.g., `\hobx'), type `I' and the correct
spelling (e.g., `I\hbox'). Otherwise just continue,
and I'll forget about whatever was undefined.


Overfull \hbox (112.7321pt too wide) in paragraph at lines 275--277
[]\OT1/cmr/m/n/14.4 Pausa. Es-ta-cio-nes me-teo-rol^^Sogi-cas en zo-nas agr^^S^
^Pco-las. https://pausa.mx/opera-
 []


Overfull \hbox (6.1267pt too wide) in paragraph at lines 275--277
\OT1/cmr/m/n/14.4 sdr-30-estaciones-meteorologicas-en-zonas-agricolas/?hl=es-
 []

! Undefined control sequence.
l.279 		\url
            {https://www.accuweather.com/es/mx/chihuahua/242375/weather-fore...
The control sequence at the end of the top line
of your error message was never \def'ed. If you have
misspelled it (e.g., `\hobx'), type `I' and the correct
spelling (e.g., `I\hbox'). Otherwise just continue,
and I'll forget about whatever was undefined.


Overfull \hbox (367.50063pt too wide) in paragraph at lines 278--280
[]\OT1/cmr/m/n/14.4 AccuWeather. Pron^^Sosti-co del tiem-po en Chihuahua. https
://www.accuweather.com/es/mx/chihuahua/242375/weather-
 []

! Undefined control sequence.
l.282 		\url
            {https://www.nunhems.com/mx/es/microsites/Cebollas?hl=es-MX}
The control sequence at the end of the top line
of your error message was never \def'ed. If you have
misspelled it (e.g., `\hobx'), type `I' and the correct
spelling (e.g., `I\hbox'). Otherwise just continue,
and I'll forget about whatever was undefined.


Overfull \hbox (354.61244pt too wide) in paragraph at lines 281--283
[]\OT1/cmr/m/n/14.4 Nunhems M^^Sexi-co. Mi-cro-si-tio so-bre cul-ti-vo de ce-bo
-llas. https://www.nunhems.com/mx/es/microsites/Cebollas?hl=es-
 []

! Undefined control sequence.
l.285 		\url
            {https://www.producechihuahua.org/?hl=es-MX}
The control sequence at the end of the top line
of your error message was never \def'ed. If you have
misspelled it (e.g., `\hobx'), type `I' and the correct
spelling (e.g., `I\hbox'). Otherwise just continue,
and I'll forget about whatever was undefined.

! Undefined control sequence.
l.288 		\url
            {https://youtu.be/wrPgbGKCU10?si=zoSEiO8ZeSYlCLBa}
The control sequence at the end of the top line
of your error message was never \def'ed. If you have
misspelled it (e.g., `\hobx'), type `I' and the correct
spelling (e.g., `I\hbox'). Otherwise just continue,
and I'll forget about whatever was undefined.


Overfull \hbox (254.58546pt too wide) in paragraph at lines 287--289
[]\OT1/cmr/m/n/14.4 Video ex-pli-ca-ti-vo so-bre cul-ti-vo de ce-bo-lla. https:
//youtu.be/wrPgbGKCU10?si=zoSEiO8ZeSYlCLBa 
 []

! Undefined control sequence.
l.297 ...temperatura y lluvias. Recuperado de \url
                                                  {https://www.gob.mx/conagua}
The control sequence at the end of the top line
of your error message was never \def'ed. If you have
misspelled it (e.g., `\hobx'), type `I' and the correct
spelling (e.g., `I\hbox'). Otherwise just continue,
and I'll forget about whatever was undefined.

! Undefined control sequence.
l.299 ... y reportes oficiales. Recuperado de \url
                                                  {https://www.chihuahua.gob...
The control sequence at the end of the top line
of your error message was never \def'ed. If you have
misspelled it (e.g., `\hobx'), type `I' and the correct
spelling (e.g., `I\hbox'). Otherwise just continue,
and I'll forget about whatever was undefined.

! Undefined control sequence.
l.301 ...a ante este fenómeno. Recuperado de \url
                                                  {https://www.gob.mx/inecc}
The control sequence at the end of the top line
of your error message was never \def'ed. If you have
misspelled it (e.g., `\hobx'), type `I' and the correct
spelling (e.g., `I\hbox'). Otherwise just continue,
and I'll forget about whatever was undefined.


Overfull \hbox (9.54854pt too wide) in paragraph at lines 301--302
[]\OT1/cmr/m/n/14.4 Instituto Na-cio-nal de Eco-log^^S^^Pa y Cam-bio Clim^^Sati
-co (INECC).
 []


Overfull \hbox (90.5274pt too wide) in paragraph at lines 301--302
\OT1/cmr/m/n/14.4 Chihuahua an-te es-te fen^^Someno. Re-cu-pe-ra-do de https://
www.gob.mx/inecc 
 []

[26]
! Undefined control sequence.
l.303 ...por hora en Chihuahua. Recuperado de \url
                                                  {https://www.meteored.mx/c...
The control sequence at the end of the top line
of your error message was never \def'ed. If you have
misspelled it (e.g., `\hobx'), type `I' and the correct
spelling (e.g., `I\hbox'). Otherwise just continue,
and I'll forget about whatever was undefined.

! Undefined control sequence.
l.305 ...s en zonas agrícolas. Recuperado de \url
                                                  {https://pausa.mx/opera-sd...
The control sequence at the end of the top line
of your error message was never \def'ed. If you have
misspelled it (e.g., `\hobx'), type `I' and the correct
spelling (e.g., `I\hbox'). Otherwise just continue,
and I'll forget about whatever was undefined.


Overfull \hbox (6.1267pt too wide) in paragraph at lines 305--306
\OT1/cmr/m/n/14.4 sdr-30-estaciones-meteorologicas-en-zonas-agricolas/?hl=es-
 []

! Undefined control sequence.
l.307 ...l tiempo en Chihuahua. Recuperado de \url
                                                  {https://www.accuweather.c...
The control sequence at the end of the top line
of your error message was never \def'ed. If you have
misspelled it (e.g., `\hobx'), type `I' and the correct
spelling (e.g., `I\hbox'). Otherwise just continue,
and I'll forget about whatever was undefined.


Overfull \hbox (144.5767pt too wide) in paragraph at lines 307--308
\OT1/cmr/m/n/14.4 Re-cu-pe-ra-do de https://www.accuweather.com/es/mx/chihuahua
/242375/weather-
 []

! Undefined control sequence.
l.309 ...e cultivo de cebollas. Recuperado de \url
                                                  {https://www.nunhems.com/m...
The control sequence at the end of the top line
of your error message was never \def'ed. If you have
misspelled it (e.g., `\hobx'), type `I' and the correct
spelling (e.g., `I\hbox'). Otherwise just continue,
and I'll forget about whatever was undefined.


Overfull \hbox (146.22168pt too wide) in paragraph at lines 309--310
\OT1/cmr/m/n/14.4 llas. Re-cu-pe-ra-do de https://www.nunhems.com/mx/es/microsi
tes/Cebollas?hl=es-
 []

! Undefined control sequence.
l.311 ...producción agrícola. Recuperado de \url
                                                  {https://www.producechihua...
The control sequence at the end of the top line
of your error message was never \def'ed. If you have
misspelled it (e.g., `\hobx'), type `I' and the correct
spelling (e.g., `I\hbox'). Otherwise just continue,
and I'll forget about whatever was undefined.


Overfull \hbox (59.1944pt too wide) in paragraph at lines 311--312
\OT1/cmr/m/n/14.4 agr^^S^^Pco-la. Re-cu-pe-ra-do de https://www.producechihuahu
a.org/?hl=es-
 []

! Undefined control sequence.
l.313 ...f.). Canal de YouTube. Recuperado de \url
                                                  {https://www.youtube.com/@...
The control sequence at the end of the top line
of your error message was never \def'ed. If you have
misspelled it (e.g., `\hobx'), type `I' and the correct
spelling (e.g., `I\hbox'). Otherwise just continue,
and I'll forget about whatever was undefined.


Overfull \hbox (248.09229pt too wide) in paragraph at lines 313--314
[]\OT1/cmr/m/n/14.4 TIBSITA. (s.f.). Ca-nal de You-Tu-be. Re-cu-pe-ra-do de htt
ps://www.youtube.com/@TISBITA/playlists 
 []

! Undefined control sequence.
l.315 ...vo de cebolla. (s.f.). Recuperado de \url
                                                  {https://youtu.be/wrPgbGKC...
The control sequence at the end of the top line
of your error message was never \def'ed. If you have
misspelled it (e.g., `\hobx'), type `I' and the correct
spelling (e.g., `I\hbox'). Otherwise just continue,
and I'll forget about whatever was undefined.


Overfull \hbox (34.78992pt too wide) in paragraph at lines 315--316
\OT1/cmr/m/n/14.4 do de https://youtu.be/wrPgbGKCU10?si=zoSEiO8ZeSYlCLBa 
 []

[27] (proyecto prototipico cebollas.aux
LaTeX Info: Redefining \. on input line 8.
LaTeX Info: Redefining \% on input line 8.
)
 ***********
LaTeX2e <2025-11-01>
L3 programming layer <2025-12-24>
 ***********
 )
(\end occurred inside a group at level 11)

### simple group (level 11) entered at line 241 ({)
### simple group (level 10) entered at line 203 ({)
### simple group (level 9) entered at line 185 ({)
### simple group (level 8) entered at line 165 ({)
### simple group (level 7) entered at line 148 ({)
### simple group (level 6) entered at line 137 ({)
### simple group (level 5) entered at line 117 ({)
### simple group (level 4) entered at line 96 ({)
### simple group (level 3) entered at line 83 ({)
### simple group (level 2) entered at line 52 ({)
### simple group (level 1) entered at line 39 ({)
### bottom level 
Here is how much of TeX's memory you used:
 2031 strings out of 467870
 36285 string characters out of 5418355
 451605 words of memory out of 5000000
 30958 multiletter control sequences out of 15000+600000
 632046 words of font info for 54 fonts, out of 8000000 for 9000
 1141 hyphenation exceptions out of 8191
 38i,6n,45p,905b,736s stack positions out of 10000i,1000n,20000p,200000b,200000s
 <C:\Users\jacks\AppData\Local\MiKTeX\fonts/pk/ljfour/jknappen/
ec/dpi600\tcrm1440.pk><C:/Users/jacks/AppData/Local/Programs/MiKTeX/fonts/type1
/public/amsfonts/cm/cmbx10.pfb><C:/Users/jacks/AppData/Local/Programs/MiKTeX/fo
nts/type1/public/amsfonts/cm/cmbx12.pfb><C:/Users/jacks/AppData/Local/Programs/
MiKTeX/fonts/type1/public/amsfonts/cm/cmr10.pfb><C:/Users/jacks/AppData/Local/P
rograms/MiKTeX/fonts/type1/public/amsfonts/cm/cmr12.pfb><C:/Users/jacks/AppData
/Local/Programs/MiKTeX/fonts/type1/public/amsfonts/cm/cmr17.pfb><C:/Users/jacks
/AppData/Local/Programs/MiKTeX/fonts/type1/public/amsfonts/cm/cmti12.pfb>
Output written on "proyecto prototipico cebollas.pdf" (27 pages, 129478 bytes).

PDF statistics:
 125 PDF objects out of 1000 (max. 8388607)
 0 named destinations out of 1000 (max. 500000)
 1 words of extra memory for PDF output out of 10000 (max. 10000000)

